Starting Kafka consumer...
%3|1724397318.217|FAIL|rdkafka#producer-2| [thrd:kafka-service:9092/bootstrap]: kafka-service:9092/bootstrap: Failed to resolve 'kafka-service:9092': Name or service not known (after 7ms in state CONNECT)
%3|1724397318.217|ERROR|rdkafka#producer-2| [thrd:kafka-service:9092/bootstrap]: 1/1 brokers are down
%3|1724397318.217|FAIL|rdkafka#consumer-1| [thrd:kafka-service:9092/bootstrap]: kafka-service:9092/bootstrap: Failed to resolve 'kafka-service:9092': Name or service not known (after 7ms in state CONNECT)
%3|1724397318.217|ERROR|rdkafka#consumer-1| [thrd:kafka-service:9092/bootstrap]: 1/1 brokers are down
%3|1724397318.217|ERROR|rdkafka#consumer-1| [thrd:app]: rdkafka#consumer-1: kafka-service:9092/bootstrap: Failed to resolve 'kafka-service:9092': Name or service not known (after 7ms in state CONNECT)
%3|1724397320.211|FAIL|rdkafka#consumer-1| [thrd:kafka-service:9092/bootstrap]: kafka-service:9092/bootstrap: Failed to resolve 'kafka-service:9092': Name or service not known (after 2ms in state CONNECT, 1 identical error(s) suppressed)
%3|1724397320.211|FAIL|rdkafka#producer-2| [thrd:kafka-service:9092/bootstrap]: kafka-service:9092/bootstrap: Failed to resolve 'kafka-service:9092': Name or service not known (after 2ms in state CONNECT, 1 identical error(s) suppressed)
%3|1724397320.212|ERROR|rdkafka#consumer-1| [thrd:app]: rdkafka#consumer-1: kafka-service:9092/bootstrap: Failed to resolve 'kafka-service:9092': Name or service not known (after 2ms in state CONNECT, 1 identical error(s) suppressed)
%3|1724397351.217|FAIL|rdkafka#producer-2| [thrd:kafka-service:9092/bootstrap]: kafka-service:9092/bootstrap: Failed to resolve 'kafka-service:9092': Name or service not known (after 2ms in state CONNECT, 16 identical error(s) suppressed)
%3|1724397352.210|FAIL|rdkafka#consumer-1| [thrd:kafka-service:9092/bootstrap]: kafka-service:9092/bootstrap: Failed to resolve 'kafka-service:9092': Name or service not known (after 2ms in state CONNECT, 16 identical error(s) suppressed)
%3|1724397352.210|ERROR|rdkafka#consumer-1| [thrd:app]: rdkafka#consumer-1: kafka-service:9092/bootstrap: Failed to resolve 'kafka-service:9092': Name or service not known (after 2ms in state CONNECT, 16 identical error(s) suppressed)
%3|1724397381.218|FAIL|rdkafka#producer-2| [thrd:kafka-service:9092/bootstrap]: kafka-service:9092/bootstrap: Failed to resolve 'kafka-service:9092': Name or service not known (after 2ms in state CONNECT, 15 identical error(s) suppressed)
%3|1724397382.213|FAIL|rdkafka#consumer-1| [thrd:kafka-service:9092/bootstrap]: kafka-service:9092/bootstrap: Failed to resolve 'kafka-service:9092': Name or service not known (after 2ms in state CONNECT, 15 identical error(s) suppressed)
%3|1724397382.213|ERROR|rdkafka#consumer-1| [thrd:app]: rdkafka#consumer-1: kafka-service:9092/bootstrap: Failed to resolve 'kafka-service:9092': Name or service not known (after 2ms in state CONNECT, 15 identical error(s) suppressed)
%3|1724397411.219|FAIL|rdkafka#producer-2| [thrd:kafka-service:9092/bootstrap]: kafka-service:9092/bootstrap: Failed to resolve 'kafka-service:9092': Name or service not known (after 2ms in state CONNECT, 15 identical error(s) suppressed)
%3|1724397413.211|FAIL|rdkafka#consumer-1| [thrd:kafka-service:9092/bootstrap]: kafka-service:9092/bootstrap: Failed to resolve 'kafka-service:9092': Name or service not known (after 2ms in state CONNECT, 17 identical error(s) suppressed)
%3|1724397413.211|ERROR|rdkafka#consumer-1| [thrd:app]: rdkafka#consumer-1: kafka-service:9092/bootstrap: Failed to resolve 'kafka-service:9092': Name or service not known (after 2ms in state CONNECT, 17 identical error(s) suppressed)
%3|1724397441.219|FAIL|rdkafka#producer-2| [thrd:kafka-service:9092/bootstrap]: kafka-service:9092/bootstrap: Failed to resolve 'kafka-service:9092': Name or service not known (after 2ms in state CONNECT, 15 identical error(s) suppressed)
%3|1724397443.211|FAIL|rdkafka#consumer-1| [thrd:kafka-service:9092/bootstrap]: kafka-service:9092/bootstrap: Failed to resolve 'kafka-service:9092': Name or service not known (after 2ms in state CONNECT, 16 identical error(s) suppressed)
%3|1724397443.211|ERROR|rdkafka#consumer-1| [thrd:app]: rdkafka#consumer-1: kafka-service:9092/bootstrap: Failed to resolve 'kafka-service:9092': Name or service not known (after 2ms in state CONNECT, 16 identical error(s) suppressed)
%3|1724397471.221|FAIL|rdkafka#producer-2| [thrd:kafka-service:9092/bootstrap]: kafka-service:9092/bootstrap: Failed to resolve 'kafka-service:9092': Name or service not known (after 2ms in state CONNECT, 15 identical error(s) suppressed)
%3|1724397474.213|FAIL|rdkafka#consumer-1| [thrd:kafka-service:9092/bootstrap]: kafka-service:9092/bootstrap: Failed to resolve 'kafka-service:9092': Name or service not known (after 2ms in state CONNECT, 16 identical error(s) suppressed)
%3|1724397474.213|ERROR|rdkafka#consumer-1| [thrd:app]: rdkafka#consumer-1: kafka-service:9092/bootstrap: Failed to resolve 'kafka-service:9092': Name or service not known (after 2ms in state CONNECT, 16 identical error(s) suppressed)
%3|1724397501.222|FAIL|rdkafka#producer-2| [thrd:kafka-service:9092/bootstrap]: kafka-service:9092/bootstrap: Failed to resolve 'kafka-service:9092': Name or service not known (after 2ms in state CONNECT, 15 identical error(s) suppressed)
%3|1724397504.214|FAIL|rdkafka#consumer-1| [thrd:kafka-service:9092/bootstrap]: kafka-service:9092/bootstrap: Failed to resolve 'kafka-service:9092': Name or service not known (after 2ms in state CONNECT, 16 identical error(s) suppressed)
%3|1724397504.214|ERROR|rdkafka#consumer-1| [thrd:app]: rdkafka#consumer-1: kafka-service:9092/bootstrap: Failed to resolve 'kafka-service:9092': Name or service not known (after 2ms in state CONNECT, 16 identical error(s) suppressed)
%3|1724397531.223|FAIL|rdkafka#producer-2| [thrd:kafka-service:9092/bootstrap]: kafka-service:9092/bootstrap: Failed to resolve 'kafka-service:9092': Name or service not known (after 3ms in state CONNECT, 15 identical error(s) suppressed)
%3|1724397534.214|FAIL|rdkafka#consumer-1| [thrd:kafka-service:9092/bootstrap]: kafka-service:9092/bootstrap: Failed to resolve 'kafka-service:9092': Name or service not known (after 3ms in state CONNECT, 16 identical error(s) suppressed)
%3|1724397534.215|ERROR|rdkafka#consumer-1| [thrd:app]: rdkafka#consumer-1: kafka-service:9092/bootstrap: Failed to resolve 'kafka-service:9092': Name or service not known (after 3ms in state CONNECT, 16 identical error(s) suppressed)
%3|1724397563.221|FAIL|rdkafka#producer-2| [thrd:kafka-service:9092/bootstrap]: kafka-service:9092/bootstrap: Failed to resolve 'kafka-service:9092': Name or service not known (after 1ms in state CONNECT, 16 identical error(s) suppressed)
%3|1724397564.216|FAIL|rdkafka#consumer-1| [thrd:kafka-service:9092/bootstrap]: kafka-service:9092/bootstrap: Failed to resolve 'kafka-service:9092': Name or service not known (after 3ms in state CONNECT, 17 identical error(s) suppressed)
%3|1724397564.216|ERROR|rdkafka#consumer-1| [thrd:app]: rdkafka#consumer-1: kafka-service:9092/bootstrap: Failed to resolve 'kafka-service:9092': Name or service not known (after 3ms in state CONNECT, 17 identical error(s) suppressed)
%3|1724397593.223|FAIL|rdkafka#producer-2| [thrd:kafka-service:9092/bootstrap]: kafka-service:9092/bootstrap: Failed to resolve 'kafka-service:9092': Name or service not known (after 2ms in state CONNECT, 15 identical error(s) suppressed)
%3|1724397596.215|FAIL|rdkafka#consumer-1| [thrd:kafka-service:9092/bootstrap]: kafka-service:9092/bootstrap: Failed to resolve 'kafka-service:9092': Name or service not known (after 3ms in state CONNECT, 17 identical error(s) suppressed)
%3|1724397596.215|ERROR|rdkafka#consumer-1| [thrd:app]: rdkafka#consumer-1: kafka-service:9092/bootstrap: Failed to resolve 'kafka-service:9092': Name or service not known (after 3ms in state CONNECT, 17 identical error(s) suppressed)
%3|1724397623.227|FAIL|rdkafka#producer-2| [thrd:kafka-service:9092/bootstrap]: kafka-service:9092/bootstrap: Failed to resolve 'kafka-service:9092': Name or service not known (after 4ms in state CONNECT, 15 identical error(s) suppressed)
%3|1724397627.214|FAIL|rdkafka#consumer-1| [thrd:kafka-service:9092/bootstrap]: kafka-service:9092/bootstrap: Failed to resolve 'kafka-service:9092': Name or service not known (after 2ms in state CONNECT, 17 identical error(s) suppressed)
%3|1724397627.214|ERROR|rdkafka#consumer-1| [thrd:app]: rdkafka#consumer-1: kafka-service:9092/bootstrap: Failed to resolve 'kafka-service:9092': Name or service not known (after 2ms in state CONNECT, 17 identical error(s) suppressed)
%3|1724397655.224|FAIL|rdkafka#producer-2| [thrd:kafka-service:9092/bootstrap]: kafka-service:9092/bootstrap: Failed to resolve 'kafka-service:9092': Name or service not known (after 2ms in state CONNECT, 16 identical error(s) suppressed)
%3|1724397659.214|FAIL|rdkafka#consumer-1| [thrd:kafka-service:9092/bootstrap]: kafka-service:9092/bootstrap: Failed to resolve 'kafka-service:9092': Name or service not known (after 2ms in state CONNECT, 16 identical error(s) suppressed)
%3|1724397659.214|ERROR|rdkafka#consumer-1| [thrd:app]: rdkafka#consumer-1: kafka-service:9092/bootstrap: Failed to resolve 'kafka-service:9092': Name or service not known (after 2ms in state CONNECT, 16 identical error(s) suppressed)
%3|1724397685.224|FAIL|rdkafka#producer-2| [thrd:kafka-service:9092/bootstrap]: kafka-service:9092/bootstrap: Failed to resolve 'kafka-service:9092': Name or service not known (after 2ms in state CONNECT, 15 identical error(s) suppressed)
%3|1724397689.220|FAIL|rdkafka#consumer-1| [thrd:kafka-service:9092/bootstrap]: kafka-service:9092/bootstrap: Failed to resolve 'kafka-service:9092': Name or service not known (after 2ms in state CONNECT, 16 identical error(s) suppressed)
%3|1724397689.220|ERROR|rdkafka#consumer-1| [thrd:app]: rdkafka#consumer-1: kafka-service:9092/bootstrap: Failed to resolve 'kafka-service:9092': Name or service not known (after 2ms in state CONNECT, 16 identical error(s) suppressed)
%3|1724397715.225|FAIL|rdkafka#producer-2| [thrd:kafka-service:9092/bootstrap]: kafka-service:9092/bootstrap: Failed to resolve 'kafka-service:9092': Name or service not known (after 2ms in state CONNECT, 15 identical error(s) suppressed)
%3|1724397719.220|FAIL|rdkafka#consumer-1| [thrd:kafka-service:9092/bootstrap]: kafka-service:9092/bootstrap: Failed to resolve 'kafka-service:9092': Name or service not known (after 2ms in state CONNECT, 18 identical error(s) suppressed)
%3|1724397719.220|ERROR|rdkafka#consumer-1| [thrd:app]: rdkafka#consumer-1: kafka-service:9092/bootstrap: Failed to resolve 'kafka-service:9092': Name or service not known (after 2ms in state CONNECT, 18 identical error(s) suppressed)
%3|1724397745.226|FAIL|rdkafka#producer-2| [thrd:kafka-service:9092/bootstrap]: kafka-service:9092/bootstrap: Failed to resolve 'kafka-service:9092': Name or service not known (after 3ms in state CONNECT, 15 identical error(s) suppressed)
%3|1724397751.220|FAIL|rdkafka#consumer-1| [thrd:kafka-service:9092/bootstrap]: kafka-service:9092/bootstrap: Failed to resolve 'kafka-service:9092': Name or service not known (after 2ms in state CONNECT, 19 identical error(s) suppressed)
%3|1724397751.220|ERROR|rdkafka#consumer-1| [thrd:app]: rdkafka#consumer-1: kafka-service:9092/bootstrap: Failed to resolve 'kafka-service:9092': Name or service not known (after 2ms in state CONNECT, 19 identical error(s) suppressed)
%3|1724397777.226|FAIL|rdkafka#producer-2| [thrd:kafka-service:9092/bootstrap]: kafka-service:9092/bootstrap: Failed to resolve 'kafka-service:9092': Name or service not known (after 2ms in state CONNECT, 16 identical error(s) suppressed)
%3|1724397781.221|FAIL|rdkafka#consumer-1| [thrd:kafka-service:9092/bootstrap]: kafka-service:9092/bootstrap: Failed to resolve 'kafka-service:9092': Name or service not known (after 2ms in state CONNECT, 18 identical error(s) suppressed)
%3|1724397781.221|ERROR|rdkafka#consumer-1| [thrd:app]: rdkafka#consumer-1: kafka-service:9092/bootstrap: Failed to resolve 'kafka-service:9092': Name or service not known (after 2ms in state CONNECT, 18 identical error(s) suppressed)
%3|1724397807.227|FAIL|rdkafka#producer-2| [thrd:kafka-service:9092/bootstrap]: kafka-service:9092/bootstrap: Failed to resolve 'kafka-service:9092': Name or service not known (after 3ms in state CONNECT, 15 identical error(s) suppressed)
%3|1724397811.222|FAIL|rdkafka#consumer-1| [thrd:kafka-service:9092/bootstrap]: kafka-service:9092/bootstrap: Failed to resolve 'kafka-service:9092': Name or service not known (after 1ms in state CONNECT, 18 identical error(s) suppressed)
%3|1724397811.222|ERROR|rdkafka#consumer-1| [thrd:app]: rdkafka#consumer-1: kafka-service:9092/bootstrap: Failed to resolve 'kafka-service:9092': Name or service not known (after 1ms in state CONNECT, 18 identical error(s) suppressed)
%3|1724397839.227|FAIL|rdkafka#producer-2| [thrd:kafka-service:9092/bootstrap]: kafka-service:9092/bootstrap: Failed to resolve 'kafka-service:9092': Name or service not known (after 2ms in state CONNECT, 16 identical error(s) suppressed)
%3|1724397841.222|FAIL|rdkafka#consumer-1| [thrd:kafka-service:9092/bootstrap]: kafka-service:9092/bootstrap: Failed to resolve 'kafka-service:9092': Name or service not known (after 2ms in state CONNECT, 18 identical error(s) suppressed)
%3|1724397841.222|ERROR|rdkafka#consumer-1| [thrd:app]: rdkafka#consumer-1: kafka-service:9092/bootstrap: Failed to resolve 'kafka-service:9092': Name or service not known (after 2ms in state CONNECT, 18 identical error(s) suppressed)
%3|1724397869.229|FAIL|rdkafka#producer-2| [thrd:kafka-service:9092/bootstrap]: kafka-service:9092/bootstrap: Failed to resolve 'kafka-service:9092': Name or service not known (after 3ms in state CONNECT, 15 identical error(s) suppressed)
%3|1724397871.227|FAIL|rdkafka#consumer-1| [thrd:kafka-service:9092/bootstrap]: kafka-service:9092/bootstrap: Failed to resolve 'kafka-service:9092': Name or service not known (after 7ms in state CONNECT, 18 identical error(s) suppressed)
%3|1724397871.227|ERROR|rdkafka#consumer-1| [thrd:app]: rdkafka#consumer-1: kafka-service:9092/bootstrap: Failed to resolve 'kafka-service:9092': Name or service not known (after 7ms in state CONNECT, 18 identical error(s) suppressed)
%3|1724397901.232|FAIL|rdkafka#producer-2| [thrd:kafka-service:9092/bootstrap]: kafka-service:9092/bootstrap: Failed to resolve 'kafka-service:9092': Name or service not known (after 2ms in state CONNECT, 16 identical error(s) suppressed)
%3|1724397903.212|FAIL|rdkafka#consumer-1| [thrd:kafka-service:9092/bootstrap]: kafka-service:9092/bootstrap: Failed to resolve 'kafka-service:9092': Name or service not known (after 2ms in state CONNECT, 19 identical error(s) suppressed)
%3|1724397903.212|ERROR|rdkafka#consumer-1| [thrd:app]: rdkafka#consumer-1: kafka-service:9092/bootstrap: Failed to resolve 'kafka-service:9092': Name or service not known (after 2ms in state CONNECT, 19 identical error(s) suppressed)
%3|1724397933.213|FAIL|rdkafka#consumer-1| [thrd:kafka-service:9092/bootstrap]: kafka-service:9092/bootstrap: Failed to resolve 'kafka-service:9092': Name or service not known (after 2ms in state CONNECT, 18 identical error(s) suppressed)
%3|1724397933.213|ERROR|rdkafka#consumer-1| [thrd:app]: rdkafka#consumer-1: kafka-service:9092/bootstrap: Failed to resolve 'kafka-service:9092': Name or service not known (after 2ms in state CONNECT, 18 identical error(s) suppressed)
%3|1724397933.232|FAIL|rdkafka#producer-2| [thrd:kafka-service:9092/bootstrap]: kafka-service:9092/bootstrap: Failed to resolve 'kafka-service:9092': Name or service not known (after 1ms in state CONNECT, 16 identical error(s) suppressed)
%3|1724397963.213|FAIL|rdkafka#consumer-1| [thrd:kafka-service:9092/bootstrap]: kafka-service:9092/bootstrap: Failed to resolve 'kafka-service:9092': Name or service not known (after 3ms in state CONNECT, 18 identical error(s) suppressed)
%3|1724397963.213|ERROR|rdkafka#consumer-1| [thrd:app]: rdkafka#consumer-1: kafka-service:9092/bootstrap: Failed to resolve 'kafka-service:9092': Name or service not known (after 3ms in state CONNECT, 18 identical error(s) suppressed)
%3|1724397965.229|FAIL|rdkafka#producer-2| [thrd:kafka-service:9092/bootstrap]: kafka-service:9092/bootstrap: Failed to resolve 'kafka-service:9092': Name or service not known (after 2ms in state CONNECT, 16 identical error(s) suppressed)
%3|1724397994.223|FAIL|rdkafka#consumer-1| [thrd:kafka-service:9092/bootstrap]: kafka-service:9092/bootstrap: Failed to resolve 'kafka-service:9092': Name or service not known (after 3ms in state CONNECT, 19 identical error(s) suppressed)
%3|1724397994.223|ERROR|rdkafka#consumer-1| [thrd:app]: rdkafka#consumer-1: kafka-service:9092/bootstrap: Failed to resolve 'kafka-service:9092': Name or service not known (after 3ms in state CONNECT, 19 identical error(s) suppressed)
%3|1724397995.230|FAIL|rdkafka#producer-2| [thrd:kafka-service:9092/bootstrap]: kafka-service:9092/bootstrap: Failed to resolve 'kafka-service:9092': Name or service not known (after 2ms in state CONNECT, 15 identical error(s) suppressed)
%3|1724398026.223|FAIL|rdkafka#consumer-1| [thrd:kafka-service:9092/bootstrap]: kafka-service:9092/bootstrap: Failed to resolve 'kafka-service:9092': Name or service not known (after 2ms in state CONNECT, 19 identical error(s) suppressed)
%3|1724398026.223|ERROR|rdkafka#consumer-1| [thrd:app]: rdkafka#consumer-1: kafka-service:9092/bootstrap: Failed to resolve 'kafka-service:9092': Name or service not known (after 2ms in state CONNECT, 19 identical error(s) suppressed)
%3|1724398026.238|FAIL|rdkafka#producer-2| [thrd:kafka-service:9092/bootstrap]: kafka-service:9092/bootstrap: Failed to resolve 'kafka-service:9092': Name or service not known (after 2ms in state CONNECT, 16 identical error(s) suppressed)
%3|1724398056.239|FAIL|rdkafka#producer-2| [thrd:kafka-service:9092/bootstrap]: kafka-service:9092/bootstrap: Failed to resolve 'kafka-service:9092': Name or service not known (after 2ms in state CONNECT, 15 identical error(s) suppressed)
%3|1724398058.213|FAIL|rdkafka#consumer-1| [thrd:kafka-service:9092/bootstrap]: kafka-service:9092/bootstrap: Failed to resolve 'kafka-service:9092': Name or service not known (after 2ms in state CONNECT, 19 identical error(s) suppressed)
%3|1724398058.213|ERROR|rdkafka#consumer-1| [thrd:app]: rdkafka#consumer-1: kafka-service:9092/bootstrap: Failed to resolve 'kafka-service:9092': Name or service not known (after 2ms in state CONNECT, 19 identical error(s) suppressed)
%3|1724398086.239|FAIL|rdkafka#producer-2| [thrd:kafka-service:9092/bootstrap]: kafka-service:9092/bootstrap: Failed to resolve 'kafka-service:9092': Name or service not known (after 2ms in state CONNECT, 15 identical error(s) suppressed)
%3|1724398089.223|FAIL|rdkafka#consumer-1| [thrd:kafka-service:9092/bootstrap]: kafka-service:9092/bootstrap: Failed to resolve 'kafka-service:9092': Name or service not known (after 2ms in state CONNECT, 19 identical error(s) suppressed)
%3|1724398089.223|ERROR|rdkafka#consumer-1| [thrd:app]: rdkafka#consumer-1: kafka-service:9092/bootstrap: Failed to resolve 'kafka-service:9092': Name or service not known (after 2ms in state CONNECT, 19 identical error(s) suppressed)
%3|1724398118.240|FAIL|rdkafka#producer-2| [thrd:kafka-service:9092/bootstrap]: kafka-service:9092/bootstrap: Failed to resolve 'kafka-service:9092': Name or service not known (after 2ms in state CONNECT, 16 identical error(s) suppressed)
%3|1724398119.223|FAIL|rdkafka#consumer-1| [thrd:kafka-service:9092/bootstrap]: kafka-service:9092/bootstrap: Failed to resolve 'kafka-service:9092': Name or service not known (after 3ms in state CONNECT, 18 identical error(s) suppressed)
%3|1724398119.224|ERROR|rdkafka#consumer-1| [thrd:app]: rdkafka#consumer-1: kafka-service:9092/bootstrap: Failed to resolve 'kafka-service:9092': Name or service not known (after 3ms in state CONNECT, 18 identical error(s) suppressed)
%3|1724398148.240|FAIL|rdkafka#producer-2| [thrd:kafka-service:9092/bootstrap]: kafka-service:9092/bootstrap: Failed to resolve 'kafka-service:9092': Name or service not known (after 1ms in state CONNECT, 15 identical error(s) suppressed)
%3|1724398149.224|FAIL|rdkafka#consumer-1| [thrd:kafka-service:9092/bootstrap]: kafka-service:9092/bootstrap: Failed to resolve 'kafka-service:9092': Name or service not known (after 3ms in state CONNECT, 18 identical error(s) suppressed)
%3|1724398149.224|ERROR|rdkafka#consumer-1| [thrd:app]: rdkafka#consumer-1: kafka-service:9092/bootstrap: Failed to resolve 'kafka-service:9092': Name or service not known (after 3ms in state CONNECT, 18 identical error(s) suppressed)
%3|1724398178.241|FAIL|rdkafka#producer-2| [thrd:kafka-service:9092/bootstrap]: kafka-service:9092/bootstrap: Failed to resolve 'kafka-service:9092': Name or service not known (after 1ms in state CONNECT, 15 identical error(s) suppressed)
%3|1724398181.224|FAIL|rdkafka#consumer-1| [thrd:kafka-service:9092/bootstrap]: kafka-service:9092/bootstrap: Failed to resolve 'kafka-service:9092': Name or service not known (after 2ms in state CONNECT, 19 identical error(s) suppressed)
%3|1724398181.224|ERROR|rdkafka#consumer-1| [thrd:app]: rdkafka#consumer-1: kafka-service:9092/bootstrap: Failed to resolve 'kafka-service:9092': Name or service not known (after 2ms in state CONNECT, 19 identical error(s) suppressed)
%3|1724398208.247|FAIL|rdkafka#producer-2| [thrd:kafka-service:9092/bootstrap]: kafka-service:9092/bootstrap: Failed to resolve 'kafka-service:9092': Name or service not known (after 7ms in state CONNECT, 15 identical error(s) suppressed)
%3|1724398213.213|FAIL|rdkafka#consumer-1| [thrd:kafka-service:9092/bootstrap]: kafka-service:9092/bootstrap: Failed to resolve 'kafka-service:9092': Name or service not known (after 2ms in state CONNECT, 19 identical error(s) suppressed)
%3|1724398213.213|ERROR|rdkafka#consumer-1| [thrd:app]: rdkafka#consumer-1: kafka-service:9092/bootstrap: Failed to resolve 'kafka-service:9092': Name or service not known (after 2ms in state CONNECT, 19 identical error(s) suppressed)
%3|1724398239.243|FAIL|rdkafka#producer-2| [thrd:kafka-service:9092/bootstrap]: kafka-service:9092/bootstrap: Failed to resolve 'kafka-service:9092': Name or service not known (after 2ms in state CONNECT, 16 identical error(s) suppressed)
%3|1724398244.224|FAIL|rdkafka#consumer-1| [thrd:kafka-service:9092/bootstrap]: kafka-service:9092/bootstrap: Failed to resolve 'kafka-service:9092': Name or service not known (after 2ms in state CONNECT, 19 identical error(s) suppressed)
%3|1724398244.224|ERROR|rdkafka#consumer-1| [thrd:app]: rdkafka#consumer-1: kafka-service:9092/bootstrap: Failed to resolve 'kafka-service:9092': Name or service not known (after 2ms in state CONNECT, 19 identical error(s) suppressed)
%3|1724398269.244|FAIL|rdkafka#producer-2| [thrd:kafka-service:9092/bootstrap]: kafka-service:9092/bootstrap: Failed to resolve 'kafka-service:9092': Name or service not known (after 3ms in state CONNECT, 15 identical error(s) suppressed)
%3|1724398274.224|FAIL|rdkafka#consumer-1| [thrd:kafka-service:9092/bootstrap]: kafka-service:9092/bootstrap: Failed to resolve 'kafka-service:9092': Name or service not known (after 2ms in state CONNECT, 18 identical error(s) suppressed)
%3|1724398274.224|ERROR|rdkafka#consumer-1| [thrd:app]: rdkafka#consumer-1: kafka-service:9092/bootstrap: Failed to resolve 'kafka-service:9092': Name or service not known (after 2ms in state CONNECT, 18 identical error(s) suppressed)
%3|1724398301.244|FAIL|rdkafka#producer-2| [thrd:kafka-service:9092/bootstrap]: kafka-service:9092/bootstrap: Failed to resolve 'kafka-service:9092': Name or service not known (after 2ms in state CONNECT, 16 identical error(s) suppressed)
%3|1724398304.224|FAIL|rdkafka#consumer-1| [thrd:kafka-service:9092/bootstrap]: kafka-service:9092/bootstrap: Failed to resolve 'kafka-service:9092': Name or service not known (after 3ms in state CONNECT, 18 identical error(s) suppressed)
%3|1724398304.225|ERROR|rdkafka#consumer-1| [thrd:app]: rdkafka#consumer-1: kafka-service:9092/bootstrap: Failed to resolve 'kafka-service:9092': Name or service not known (after 3ms in state CONNECT, 18 identical error(s) suppressed)
%3|1724398331.245|FAIL|rdkafka#producer-2| [thrd:kafka-service:9092/bootstrap]: kafka-service:9092/bootstrap: Failed to resolve 'kafka-service:9092': Name or service not known (after 2ms in state CONNECT, 15 identical error(s) suppressed)
%3|1724398336.224|FAIL|rdkafka#consumer-1| [thrd:kafka-service:9092/bootstrap]: kafka-service:9092/bootstrap: Failed to resolve 'kafka-service:9092': Name or service not known (after 2ms in state CONNECT, 19 identical error(s) suppressed)
%3|1724398336.224|ERROR|rdkafka#consumer-1| [thrd:app]: rdkafka#consumer-1: kafka-service:9092/bootstrap: Failed to resolve 'kafka-service:9092': Name or service not known (after 2ms in state CONNECT, 19 identical error(s) suppressed)
%3|1724398361.246|FAIL|rdkafka#producer-2| [thrd:kafka-service:9092/bootstrap]: kafka-service:9092/bootstrap: Failed to resolve 'kafka-service:9092': Name or service not known (after 2ms in state CONNECT, 15 identical error(s) suppressed)
%3|1724398366.224|FAIL|rdkafka#consumer-1| [thrd:kafka-service:9092/bootstrap]: kafka-service:9092/bootstrap: Failed to resolve 'kafka-service:9092': Name or service not known (after 2ms in state CONNECT, 18 identical error(s) suppressed)
%3|1724398366.224|ERROR|rdkafka#consumer-1| [thrd:app]: rdkafka#consumer-1: kafka-service:9092/bootstrap: Failed to resolve 'kafka-service:9092': Name or service not known (after 2ms in state CONNECT, 18 identical error(s) suppressed)
%3|1724398391.246|FAIL|rdkafka#producer-2| [thrd:kafka-service:9092/bootstrap]: kafka-service:9092/bootstrap: Failed to resolve 'kafka-service:9092': Name or service not known (after 2ms in state CONNECT, 15 identical error(s) suppressed)
%3|1724398396.224|FAIL|rdkafka#consumer-1| [thrd:kafka-service:9092/bootstrap]: kafka-service:9092/bootstrap: Failed to resolve 'kafka-service:9092': Name or service not known (after 2ms in state CONNECT, 18 identical error(s) suppressed)
%3|1724398396.224|ERROR|rdkafka#consumer-1| [thrd:app]: rdkafka#consumer-1: kafka-service:9092/bootstrap: Failed to resolve 'kafka-service:9092': Name or service not known (after 2ms in state CONNECT, 18 identical error(s) suppressed)
%3|1724398423.248|FAIL|rdkafka#producer-2| [thrd:kafka-service:9092/bootstrap]: kafka-service:9092/bootstrap: Failed to resolve 'kafka-service:9092': Name or service not known (after 2ms in state CONNECT, 16 identical error(s) suppressed)
%3|1724398428.213|FAIL|rdkafka#consumer-1| [thrd:kafka-service:9092/bootstrap]: kafka-service:9092/bootstrap: Failed to resolve 'kafka-service:9092': Name or service not known (after 2ms in state CONNECT, 19 identical error(s) suppressed)
%3|1724398428.213|ERROR|rdkafka#consumer-1| [thrd:app]: rdkafka#consumer-1: kafka-service:9092/bootstrap: Failed to resolve 'kafka-service:9092': Name or service not known (after 2ms in state CONNECT, 19 identical error(s) suppressed)
%3|1724398453.248|FAIL|rdkafka#producer-2| [thrd:kafka-service:9092/bootstrap]: kafka-service:9092/bootstrap: Failed to resolve 'kafka-service:9092': Name or service not known (after 2ms in state CONNECT, 15 identical error(s) suppressed)
%3|1724398458.213|FAIL|rdkafka#consumer-1| [thrd:kafka-service:9092/bootstrap]: kafka-service:9092/bootstrap: Failed to resolve 'kafka-service:9092': Name or service not known (after 2ms in state CONNECT, 18 identical error(s) suppressed)
%3|1724398458.214|ERROR|rdkafka#consumer-1| [thrd:app]: rdkafka#consumer-1: kafka-service:9092/bootstrap: Failed to resolve 'kafka-service:9092': Name or service not known (after 2ms in state CONNECT, 18 identical error(s) suppressed)
%3|1724398485.249|FAIL|rdkafka#producer-2| [thrd:kafka-service:9092/bootstrap]: kafka-service:9092/bootstrap: Failed to resolve 'kafka-service:9092': Name or service not known (after 3ms in state CONNECT, 16 identical error(s) suppressed)
%3|1724398489.225|FAIL|rdkafka#consumer-1| [thrd:kafka-service:9092/bootstrap]: kafka-service:9092/bootstrap: Failed to resolve 'kafka-service:9092': Name or service not known (after 3ms in state CONNECT, 19 identical error(s) suppressed)
%3|1724398489.225|ERROR|rdkafka#consumer-1| [thrd:app]: rdkafka#consumer-1: kafka-service:9092/bootstrap: Failed to resolve 'kafka-service:9092': Name or service not known (after 3ms in state CONNECT, 19 identical error(s) suppressed)
%3|1724398515.250|FAIL|rdkafka#producer-2| [thrd:kafka-service:9092/bootstrap]: kafka-service:9092/bootstrap: Failed to resolve 'kafka-service:9092': Name or service not known (after 3ms in state CONNECT, 15 identical error(s) suppressed)
%3|1724398521.224|FAIL|rdkafka#consumer-1| [thrd:kafka-service:9092/bootstrap]: kafka-service:9092/bootstrap: Failed to resolve 'kafka-service:9092': Name or service not known (after 2ms in state CONNECT, 19 identical error(s) suppressed)
%3|1724398521.224|ERROR|rdkafka#consumer-1| [thrd:app]: rdkafka#consumer-1: kafka-service:9092/bootstrap: Failed to resolve 'kafka-service:9092': Name or service not known (after 2ms in state CONNECT, 19 identical error(s) suppressed)
%3|1724398545.250|FAIL|rdkafka#producer-2| [thrd:kafka-service:9092/bootstrap]: kafka-service:9092/bootstrap: Failed to resolve 'kafka-service:9092': Name or service not known (after 3ms in state CONNECT, 15 identical error(s) suppressed)
%3|1724398551.225|FAIL|rdkafka#consumer-1| [thrd:kafka-service:9092/bootstrap]: kafka-service:9092/bootstrap: Failed to resolve 'kafka-service:9092': Name or service not known (after 3ms in state CONNECT, 18 identical error(s) suppressed)
%3|1724398551.225|ERROR|rdkafka#consumer-1| [thrd:app]: rdkafka#consumer-1: kafka-service:9092/bootstrap: Failed to resolve 'kafka-service:9092': Name or service not known (after 3ms in state CONNECT, 18 identical error(s) suppressed)
%3|1724398576.253|FAIL|rdkafka#producer-2| [thrd:kafka-service:9092/bootstrap]: kafka-service:9092/bootstrap: Failed to resolve 'kafka-service:9092': Name or service not known (after 2ms in state CONNECT, 16 identical error(s) suppressed)
%3|1724398583.214|FAIL|rdkafka#consumer-1| [thrd:kafka-service:9092/bootstrap]: kafka-service:9092/bootstrap: Failed to resolve 'kafka-service:9092': Name or service not known (after 2ms in state CONNECT, 19 identical error(s) suppressed)
%3|1724398583.214|ERROR|rdkafka#consumer-1| [thrd:app]: rdkafka#consumer-1: kafka-service:9092/bootstrap: Failed to resolve 'kafka-service:9092': Name or service not known (after 2ms in state CONNECT, 19 identical error(s) suppressed)
%3|1724398606.254|FAIL|rdkafka#producer-2| [thrd:kafka-service:9092/bootstrap]: kafka-service:9092/bootstrap: Failed to resolve 'kafka-service:9092': Name or service not known (after 3ms in state CONNECT, 15 identical error(s) suppressed)
%3|1724398613.214|FAIL|rdkafka#consumer-1| [thrd:kafka-service:9092/bootstrap]: kafka-service:9092/bootstrap: Failed to resolve 'kafka-service:9092': Name or service not known (after 2ms in state CONNECT, 18 identical error(s) suppressed)
%3|1724398613.214|ERROR|rdkafka#consumer-1| [thrd:app]: rdkafka#consumer-1: kafka-service:9092/bootstrap: Failed to resolve 'kafka-service:9092': Name or service not known (after 2ms in state CONNECT, 18 identical error(s) suppressed)
%3|1724398638.254|FAIL|rdkafka#producer-2| [thrd:kafka-service:9092/bootstrap]: kafka-service:9092/bootstrap: Failed to resolve 'kafka-service:9092': Name or service not known (after 2ms in state CONNECT, 16 identical error(s) suppressed)
%3|1724398644.231|FAIL|rdkafka#consumer-1| [thrd:kafka-service:9092/bootstrap]: kafka-service:9092/bootstrap: Failed to resolve 'kafka-service:9092': Name or service not known (after 2ms in state CONNECT, 19 identical error(s) suppressed)
%3|1724398644.231|ERROR|rdkafka#consumer-1| [thrd:app]: rdkafka#consumer-1: kafka-service:9092/bootstrap: Failed to resolve 'kafka-service:9092': Name or service not known (after 2ms in state CONNECT, 19 identical error(s) suppressed)
%3|1724398668.255|FAIL|rdkafka#producer-2| [thrd:kafka-service:9092/bootstrap]: kafka-service:9092/bootstrap: Failed to resolve 'kafka-service:9092': Name or service not known (after 2ms in state CONNECT, 15 identical error(s) suppressed)
%3|1724398674.233|FAIL|rdkafka#consumer-1| [thrd:kafka-service:9092/bootstrap]: kafka-service:9092/bootstrap: Failed to resolve 'kafka-service:9092': Name or service not known (after 2ms in state CONNECT, 18 identical error(s) suppressed)
%3|1724398674.233|ERROR|rdkafka#consumer-1| [thrd:app]: rdkafka#consumer-1: kafka-service:9092/bootstrap: Failed to resolve 'kafka-service:9092': Name or service not known (after 2ms in state CONNECT, 18 identical error(s) suppressed)
%3|1724398698.255|FAIL|rdkafka#producer-2| [thrd:kafka-service:9092/bootstrap]: kafka-service:9092/bootstrap: Failed to resolve 'kafka-service:9092': Name or service not known (after 2ms in state CONNECT, 15 identical error(s) suppressed)
%3|1724398706.232|FAIL|rdkafka#consumer-1| [thrd:kafka-service:9092/bootstrap]: kafka-service:9092/bootstrap: Failed to resolve 'kafka-service:9092': Name or service not known (after 2ms in state CONNECT, 19 identical error(s) suppressed)
%3|1724398706.232|ERROR|rdkafka#consumer-1| [thrd:app]: rdkafka#consumer-1: kafka-service:9092/bootstrap: Failed to resolve 'kafka-service:9092': Name or service not known (after 2ms in state CONNECT, 19 identical error(s) suppressed)
%3|1724398730.256|FAIL|rdkafka#producer-2| [thrd:kafka-service:9092/bootstrap]: kafka-service:9092/bootstrap: Failed to resolve 'kafka-service:9092': Name or service not known (after 2ms in state CONNECT, 16 identical error(s) suppressed)
%3|1724398738.214|FAIL|rdkafka#consumer-1| [thrd:kafka-service:9092/bootstrap]: kafka-service:9092/bootstrap: Failed to resolve 'kafka-service:9092': Name or service not known (after 2ms in state CONNECT, 19 identical error(s) suppressed)
%3|1724398738.214|ERROR|rdkafka#consumer-1| [thrd:app]: rdkafka#consumer-1: kafka-service:9092/bootstrap: Failed to resolve 'kafka-service:9092': Name or service not known (after 2ms in state CONNECT, 19 identical error(s) suppressed)
%3|1724398760.256|FAIL|rdkafka#producer-2| [thrd:kafka-service:9092/bootstrap]: kafka-service:9092/bootstrap: Failed to resolve 'kafka-service:9092': Name or service not known (after 2ms in state CONNECT, 15 identical error(s) suppressed)
%3|1724398769.232|FAIL|rdkafka#consumer-1| [thrd:kafka-service:9092/bootstrap]: kafka-service:9092/bootstrap: Failed to resolve 'kafka-service:9092': Name or service not known (after 2ms in state CONNECT, 19 identical error(s) suppressed)
%3|1724398769.233|ERROR|rdkafka#consumer-1| [thrd:app]: rdkafka#consumer-1: kafka-service:9092/bootstrap: Failed to resolve 'kafka-service:9092': Name or service not known (after 2ms in state CONNECT, 19 identical error(s) suppressed)
%3|1724398790.256|FAIL|rdkafka#producer-2| [thrd:kafka-service:9092/bootstrap]: kafka-service:9092/bootstrap: Failed to resolve 'kafka-service:9092': Name or service not known (after 2ms in state CONNECT, 15 identical error(s) suppressed)
%3|1724398799.233|FAIL|rdkafka#consumer-1| [thrd:kafka-service:9092/bootstrap]: kafka-service:9092/bootstrap: Failed to resolve 'kafka-service:9092': Name or service not known (after 2ms in state CONNECT, 18 identical error(s) suppressed)
%3|1724398799.233|ERROR|rdkafka#consumer-1| [thrd:app]: rdkafka#consumer-1: kafka-service:9092/bootstrap: Failed to resolve 'kafka-service:9092': Name or service not known (after 2ms in state CONNECT, 18 identical error(s) suppressed)
%3|1724398821.257|FAIL|rdkafka#producer-2| [thrd:kafka-service:9092/bootstrap]: kafka-service:9092/bootstrap: Failed to resolve 'kafka-service:9092': Name or service not known (after 3ms in state CONNECT, 16 identical error(s) suppressed)
%3|1724398829.233|FAIL|rdkafka#consumer-1| [thrd:kafka-service:9092/bootstrap]: kafka-service:9092/bootstrap: Failed to resolve 'kafka-service:9092': Name or service not known (after 2ms in state CONNECT, 18 identical error(s) suppressed)
%3|1724398829.233|ERROR|rdkafka#consumer-1| [thrd:app]: rdkafka#consumer-1: kafka-service:9092/bootstrap: Failed to resolve 'kafka-service:9092': Name or service not known (after 2ms in state CONNECT, 18 identical error(s) suppressed)
%3|1724398853.257|FAIL|rdkafka#producer-2| [thrd:kafka-service:9092/bootstrap]: kafka-service:9092/bootstrap: Failed to resolve 'kafka-service:9092': Name or service not known (after 2ms in state CONNECT, 16 identical error(s) suppressed)
%3|1724398859.233|FAIL|rdkafka#consumer-1| [thrd:kafka-service:9092/bootstrap]: kafka-service:9092/bootstrap: Failed to resolve 'kafka-service:9092': Name or service not known (after 3ms in state CONNECT, 18 identical error(s) suppressed)
%3|1724398859.233|ERROR|rdkafka#consumer-1| [thrd:app]: rdkafka#consumer-1: kafka-service:9092/bootstrap: Failed to resolve 'kafka-service:9092': Name or service not known (after 3ms in state CONNECT, 18 identical error(s) suppressed)
%3|1724398883.259|FAIL|rdkafka#producer-2| [thrd:kafka-service:9092/bootstrap]: kafka-service:9092/bootstrap: Failed to resolve 'kafka-service:9092': Name or service not known (after 3ms in state CONNECT, 15 identical error(s) suppressed)
%3|1724398889.236|FAIL|rdkafka#consumer-1| [thrd:kafka-service:9092/bootstrap]: kafka-service:9092/bootstrap: Failed to resolve 'kafka-service:9092': Name or service not known (after 2ms in state CONNECT, 18 identical error(s) suppressed)
%3|1724398889.236|ERROR|rdkafka#consumer-1| [thrd:app]: rdkafka#consumer-1: kafka-service:9092/bootstrap: Failed to resolve 'kafka-service:9092': Name or service not known (after 2ms in state CONNECT, 18 identical error(s) suppressed)
%3|1724398915.258|FAIL|rdkafka#producer-2| [thrd:kafka-service:9092/bootstrap]: kafka-service:9092/bootstrap: Failed to resolve 'kafka-service:9092': Name or service not known (after 2ms in state CONNECT, 16 identical error(s) suppressed)
%3|1724398921.235|FAIL|rdkafka#consumer-1| [thrd:kafka-service:9092/bootstrap]: kafka-service:9092/bootstrap: Failed to resolve 'kafka-service:9092': Name or service not known (after 2ms in state CONNECT, 19 identical error(s) suppressed)
%3|1724398921.235|ERROR|rdkafka#consumer-1| [thrd:app]: rdkafka#consumer-1: kafka-service:9092/bootstrap: Failed to resolve 'kafka-service:9092': Name or service not known (after 2ms in state CONNECT, 19 identical error(s) suppressed)
%3|1724398945.260|FAIL|rdkafka#producer-2| [thrd:kafka-service:9092/bootstrap]: kafka-service:9092/bootstrap: Failed to resolve 'kafka-service:9092': Name or service not known (after 2ms in state CONNECT, 15 identical error(s) suppressed)
%3|1724398951.238|FAIL|rdkafka#consumer-1| [thrd:kafka-service:9092/bootstrap]: kafka-service:9092/bootstrap: Failed to resolve 'kafka-service:9092': Name or service not known (after 2ms in state CONNECT, 18 identical error(s) suppressed)
%3|1724398951.238|ERROR|rdkafka#consumer-1| [thrd:app]: rdkafka#consumer-1: kafka-service:9092/bootstrap: Failed to resolve 'kafka-service:9092': Name or service not known (after 2ms in state CONNECT, 18 identical error(s) suppressed)
%3|1724398975.261|FAIL|rdkafka#producer-2| [thrd:kafka-service:9092/bootstrap]: kafka-service:9092/bootstrap: Failed to resolve 'kafka-service:9092': Name or service not known (after 2ms in state CONNECT, 15 identical error(s) suppressed)
%3|1724398981.240|FAIL|rdkafka#consumer-1| [thrd:kafka-service:9092/bootstrap]: kafka-service:9092/bootstrap: Failed to resolve 'kafka-service:9092': Name or service not known (after 2ms in state CONNECT, 18 identical error(s) suppressed)
%3|1724398981.240|ERROR|rdkafka#consumer-1| [thrd:app]: rdkafka#consumer-1: kafka-service:9092/bootstrap: Failed to resolve 'kafka-service:9092': Name or service not known (after 2ms in state CONNECT, 18 identical error(s) suppressed)
%3|1724399005.261|FAIL|rdkafka#producer-2| [thrd:kafka-service:9092/bootstrap]: kafka-service:9092/bootstrap: Failed to resolve 'kafka-service:9092': Name or service not known (after 3ms in state CONNECT, 15 identical error(s) suppressed)
%3|1724399011.241|FAIL|rdkafka#consumer-1| [thrd:kafka-service:9092/bootstrap]: kafka-service:9092/bootstrap: Failed to resolve 'kafka-service:9092': Name or service not known (after 2ms in state CONNECT, 18 identical error(s) suppressed)
%3|1724399011.241|ERROR|rdkafka#consumer-1| [thrd:app]: rdkafka#consumer-1: kafka-service:9092/bootstrap: Failed to resolve 'kafka-service:9092': Name or service not known (after 2ms in state CONNECT, 18 identical error(s) suppressed)
%3|1724399035.261|FAIL|rdkafka#producer-2| [thrd:kafka-service:9092/bootstrap]: kafka-service:9092/bootstrap: Failed to resolve 'kafka-service:9092': Name or service not known (after 2ms in state CONNECT, 15 identical error(s) suppressed)
%3|1724399043.214|FAIL|rdkafka#consumer-1| [thrd:kafka-service:9092/bootstrap]: kafka-service:9092/bootstrap: Failed to resolve 'kafka-service:9092': Name or service not known (after 2ms in state CONNECT, 19 identical error(s) suppressed)
%3|1724399043.214|ERROR|rdkafka#consumer-1| [thrd:app]: rdkafka#consumer-1: kafka-service:9092/bootstrap: Failed to resolve 'kafka-service:9092': Name or service not known (after 2ms in state CONNECT, 19 identical error(s) suppressed)
%3|1724399065.262|FAIL|rdkafka#producer-2| [thrd:kafka-service:9092/bootstrap]: kafka-service:9092/bootstrap: Failed to resolve 'kafka-service:9092': Name or service not known (after 1ms in state CONNECT, 15 identical error(s) suppressed)
%3|1724399073.214|FAIL|rdkafka#consumer-1| [thrd:kafka-service:9092/bootstrap]: kafka-service:9092/bootstrap: Failed to resolve 'kafka-service:9092': Name or service not known (after 2ms in state CONNECT, 18 identical error(s) suppressed)
%3|1724399073.214|ERROR|rdkafka#consumer-1| [thrd:app]: rdkafka#consumer-1: kafka-service:9092/bootstrap: Failed to resolve 'kafka-service:9092': Name or service not known (after 2ms in state CONNECT, 18 identical error(s) suppressed)
%3|1724399095.264|FAIL|rdkafka#producer-2| [thrd:kafka-service:9092/bootstrap]: kafka-service:9092/bootstrap: Failed to resolve 'kafka-service:9092': Name or service not known (after 3ms in state CONNECT, 15 identical error(s) suppressed)
%3|1724399103.214|FAIL|rdkafka#consumer-1| [thrd:kafka-service:9092/bootstrap]: kafka-service:9092/bootstrap: Failed to resolve 'kafka-service:9092': Name or service not known (after 2ms in state CONNECT, 18 identical error(s) suppressed)
%3|1724399103.214|ERROR|rdkafka#consumer-1| [thrd:app]: rdkafka#consumer-1: kafka-service:9092/bootstrap: Failed to resolve 'kafka-service:9092': Name or service not known (after 2ms in state CONNECT, 18 identical error(s) suppressed)
%3|1724399127.263|FAIL|rdkafka#producer-2| [thrd:kafka-service:9092/bootstrap]: kafka-service:9092/bootstrap: Failed to resolve 'kafka-service:9092': Name or service not known (after 2ms in state CONNECT, 16 identical error(s) suppressed)
%3|1724399133.215|FAIL|rdkafka#consumer-1| [thrd:kafka-service:9092/bootstrap]: kafka-service:9092/bootstrap: Failed to resolve 'kafka-service:9092': Name or service not known (after 3ms in state CONNECT, 18 identical error(s) suppressed)
%3|1724399133.215|ERROR|rdkafka#consumer-1| [thrd:app]: rdkafka#consumer-1: kafka-service:9092/bootstrap: Failed to resolve 'kafka-service:9092': Name or service not known (after 3ms in state CONNECT, 18 identical error(s) suppressed)
%3|1724399157.265|FAIL|rdkafka#producer-2| [thrd:kafka-service:9092/bootstrap]: kafka-service:9092/bootstrap: Failed to resolve 'kafka-service:9092': Name or service not known (after 3ms in state CONNECT, 15 identical error(s) suppressed)
%3|1724399164.251|FAIL|rdkafka#consumer-1| [thrd:kafka-service:9092/bootstrap]: kafka-service:9092/bootstrap: Failed to resolve 'kafka-service:9092': Name or service not known (after 2ms in state CONNECT, 19 identical error(s) suppressed)
%3|1724399164.251|ERROR|rdkafka#consumer-1| [thrd:app]: rdkafka#consumer-1: kafka-service:9092/bootstrap: Failed to resolve 'kafka-service:9092': Name or service not known (after 2ms in state CONNECT, 19 identical error(s) suppressed)
%3|1724399187.273|FAIL|rdkafka#producer-2| [thrd:kafka-service:9092/bootstrap]: kafka-service:9092/bootstrap: Failed to resolve 'kafka-service:9092': Name or service not known (after 9ms in state CONNECT, 15 identical error(s) suppressed)
%3|1724399194.252|FAIL|rdkafka#consumer-1| [thrd:kafka-service:9092/bootstrap]: kafka-service:9092/bootstrap: Failed to resolve 'kafka-service:9092': Name or service not known (after 2ms in state CONNECT, 18 identical error(s) suppressed)
%3|1724399194.252|ERROR|rdkafka#consumer-1| [thrd:app]: rdkafka#consumer-1: kafka-service:9092/bootstrap: Failed to resolve 'kafka-service:9092': Name or service not known (after 2ms in state CONNECT, 18 identical error(s) suppressed)
%3|1724399219.267|FAIL|rdkafka#producer-2| [thrd:kafka-service:9092/bootstrap]: kafka-service:9092/bootstrap: Failed to resolve 'kafka-service:9092': Name or service not known (after 3ms in state CONNECT, 16 identical error(s) suppressed)
%3|1724399224.252|FAIL|rdkafka#consumer-1| [thrd:kafka-service:9092/bootstrap]: kafka-service:9092/bootstrap: Failed to resolve 'kafka-service:9092': Name or service not known (after 3ms in state CONNECT, 18 identical error(s) suppressed)
%3|1724399224.252|ERROR|rdkafka#consumer-1| [thrd:app]: rdkafka#consumer-1: kafka-service:9092/bootstrap: Failed to resolve 'kafka-service:9092': Name or service not known (after 3ms in state CONNECT, 18 identical error(s) suppressed)
%3|1724399249.269|FAIL|rdkafka#producer-2| [thrd:kafka-service:9092/bootstrap]: kafka-service:9092/bootstrap: Failed to resolve 'kafka-service:9092': Name or service not known (after 3ms in state CONNECT, 15 identical error(s) suppressed)
%3|1724399254.261|FAIL|rdkafka#consumer-1| [thrd:kafka-service:9092/bootstrap]: kafka-service:9092/bootstrap: Failed to resolve 'kafka-service:9092': Name or service not known (after 10ms in state CONNECT, 18 identical error(s) suppressed)
%3|1724399254.271|ERROR|rdkafka#consumer-1| [thrd:app]: rdkafka#consumer-1: kafka-service:9092/bootstrap: Failed to resolve 'kafka-service:9092': Name or service not known (after 10ms in state CONNECT, 18 identical error(s) suppressed)
%3|1724399280.273|FAIL|rdkafka#producer-2| [thrd:kafka-service:9092/bootstrap]: kafka-service:9092/bootstrap: Failed to resolve 'kafka-service:9092': Name or service not known (after 2ms in state CONNECT, 16 identical error(s) suppressed)
%3|1724399286.253|FAIL|rdkafka#consumer-1| [thrd:kafka-service:9092/bootstrap]: kafka-service:9092/bootstrap: Failed to resolve 'kafka-service:9092': Name or service not known (after 3ms in state CONNECT, 19 identical error(s) suppressed)
%3|1724399286.253|ERROR|rdkafka#consumer-1| [thrd:app]: rdkafka#consumer-1: kafka-service:9092/bootstrap: Failed to resolve 'kafka-service:9092': Name or service not known (after 3ms in state CONNECT, 19 identical error(s) suppressed)
%3|1724399310.274|FAIL|rdkafka#producer-2| [thrd:kafka-service:9092/bootstrap]: kafka-service:9092/bootstrap: Failed to resolve 'kafka-service:9092': Name or service not known (after 2ms in state CONNECT, 15 identical error(s) suppressed)
%3|1724399318.214|FAIL|rdkafka#consumer-1| [thrd:kafka-service:9092/bootstrap]: kafka-service:9092/bootstrap: Failed to resolve 'kafka-service:9092': Name or service not known (after 2ms in state CONNECT, 19 identical error(s) suppressed)
%3|1724399318.214|ERROR|rdkafka#consumer-1| [thrd:app]: rdkafka#consumer-1: kafka-service:9092/bootstrap: Failed to resolve 'kafka-service:9092': Name or service not known (after 2ms in state CONNECT, 19 identical error(s) suppressed)
%3|1724399342.273|FAIL|rdkafka#producer-2| [thrd:kafka-service:9092/bootstrap]: kafka-service:9092/bootstrap: Failed to resolve 'kafka-service:9092': Name or service not known (after 1ms in state CONNECT, 16 identical error(s) suppressed)
%3|1724399349.253|FAIL|rdkafka#consumer-1| [thrd:kafka-service:9092/bootstrap]: kafka-service:9092/bootstrap: Failed to resolve 'kafka-service:9092': Name or service not known (after 2ms in state CONNECT, 19 identical error(s) suppressed)
%3|1724399349.253|ERROR|rdkafka#consumer-1| [thrd:app]: rdkafka#consumer-1: kafka-service:9092/bootstrap: Failed to resolve 'kafka-service:9092': Name or service not known (after 2ms in state CONNECT, 19 identical error(s) suppressed)
%3|1724399372.275|FAIL|rdkafka#producer-2| [thrd:kafka-service:9092/bootstrap]: kafka-service:9092/bootstrap: Failed to resolve 'kafka-service:9092': Name or service not known (after 2ms in state CONNECT, 15 identical error(s) suppressed)
%3|1724399379.253|FAIL|rdkafka#consumer-1| [thrd:kafka-service:9092/bootstrap]: kafka-service:9092/bootstrap: Failed to resolve 'kafka-service:9092': Name or service not known (after 3ms in state CONNECT, 18 identical error(s) suppressed)
%3|1724399379.253|ERROR|rdkafka#consumer-1| [thrd:app]: rdkafka#consumer-1: kafka-service:9092/bootstrap: Failed to resolve 'kafka-service:9092': Name or service not known (after 3ms in state CONNECT, 18 identical error(s) suppressed)
%3|1724399402.275|FAIL|rdkafka#producer-2| [thrd:kafka-service:9092/bootstrap]: kafka-service:9092/bootstrap: Failed to resolve 'kafka-service:9092': Name or service not known (after 2ms in state CONNECT, 15 identical error(s) suppressed)
%3|1724399411.253|FAIL|rdkafka#consumer-1| [thrd:kafka-service:9092/bootstrap]: kafka-service:9092/bootstrap: Failed to resolve 'kafka-service:9092': Name or service not known (after 2ms in state CONNECT, 19 identical error(s) suppressed)
%3|1724399411.253|ERROR|rdkafka#consumer-1| [thrd:app]: rdkafka#consumer-1: kafka-service:9092/bootstrap: Failed to resolve 'kafka-service:9092': Name or service not known (after 2ms in state CONNECT, 19 identical error(s) suppressed)
%3|1724399433.283|FAIL|rdkafka#producer-2| [thrd:kafka-service:9092/bootstrap]: kafka-service:9092/bootstrap: Failed to resolve 'kafka-service:9092': Name or service not known (after 2ms in state CONNECT, 16 identical error(s) suppressed)
%3|1724399441.254|FAIL|rdkafka#consumer-1| [thrd:kafka-service:9092/bootstrap]: kafka-service:9092/bootstrap: Failed to resolve 'kafka-service:9092': Name or service not known (after 4ms in state CONNECT, 18 identical error(s) suppressed)
%3|1724399441.254|ERROR|rdkafka#consumer-1| [thrd:app]: rdkafka#consumer-1: kafka-service:9092/bootstrap: Failed to resolve 'kafka-service:9092': Name or service not known (after 4ms in state CONNECT, 18 identical error(s) suppressed)
%3|1724399463.291|FAIL|rdkafka#producer-2| [thrd:kafka-service:9092/bootstrap]: kafka-service:9092/bootstrap: Failed to resolve 'kafka-service:9092': Name or service not known (after 2ms in state CONNECT, 15 identical error(s) suppressed)
%3|1724399473.217|FAIL|rdkafka#consumer-1| [thrd:kafka-service:9092/bootstrap]: kafka-service:9092/bootstrap: Failed to resolve 'kafka-service:9092': Name or service not known (after 3ms in state CONNECT, 19 identical error(s) suppressed)
%3|1724399473.217|ERROR|rdkafka#consumer-1| [thrd:app]: rdkafka#consumer-1: kafka-service:9092/bootstrap: Failed to resolve 'kafka-service:9092': Name or service not known (after 3ms in state CONNECT, 19 identical error(s) suppressed)
%3|1724399493.291|FAIL|rdkafka#producer-2| [thrd:kafka-service:9092/bootstrap]: kafka-service:9092/bootstrap: Failed to resolve 'kafka-service:9092': Name or service not known (after 2ms in state CONNECT, 15 identical error(s) suppressed)
%3|1724399504.253|FAIL|rdkafka#consumer-1| [thrd:kafka-service:9092/bootstrap]: kafka-service:9092/bootstrap: Failed to resolve 'kafka-service:9092': Name or service not known (after 2ms in state CONNECT, 19 identical error(s) suppressed)
%3|1724399504.253|ERROR|rdkafka#consumer-1| [thrd:app]: rdkafka#consumer-1: kafka-service:9092/bootstrap: Failed to resolve 'kafka-service:9092': Name or service not known (after 2ms in state CONNECT, 19 identical error(s) suppressed)
%3|1724399523.292|FAIL|rdkafka#producer-2| [thrd:kafka-service:9092/bootstrap]: kafka-service:9092/bootstrap: Failed to resolve 'kafka-service:9092': Name or service not known (after 2ms in state CONNECT, 15 identical error(s) suppressed)
%3|1724399534.253|FAIL|rdkafka#consumer-1| [thrd:kafka-service:9092/bootstrap]: kafka-service:9092/bootstrap: Failed to resolve 'kafka-service:9092': Name or service not known (after 2ms in state CONNECT, 18 identical error(s) suppressed)
%3|1724399534.253|ERROR|rdkafka#consumer-1| [thrd:app]: rdkafka#consumer-1: kafka-service:9092/bootstrap: Failed to resolve 'kafka-service:9092': Name or service not known (after 2ms in state CONNECT, 18 identical error(s) suppressed)
%3|1724399553.292|FAIL|rdkafka#producer-2| [thrd:kafka-service:9092/bootstrap]: kafka-service:9092/bootstrap: Failed to resolve 'kafka-service:9092': Name or service not known (after 2ms in state CONNECT, 15 identical error(s) suppressed)
%3|1724399564.254|FAIL|rdkafka#consumer-1| [thrd:kafka-service:9092/bootstrap]: kafka-service:9092/bootstrap: Failed to resolve 'kafka-service:9092': Name or service not known (after 3ms in state CONNECT, 18 identical error(s) suppressed)
%3|1724399564.254|ERROR|rdkafka#consumer-1| [thrd:app]: rdkafka#consumer-1: kafka-service:9092/bootstrap: Failed to resolve 'kafka-service:9092': Name or service not known (after 3ms in state CONNECT, 18 identical error(s) suppressed)
%3|1724399583.293|FAIL|rdkafka#producer-2| [thrd:kafka-service:9092/bootstrap]: kafka-service:9092/bootstrap: Failed to resolve 'kafka-service:9092': Name or service not known (after 2ms in state CONNECT, 15 identical error(s) suppressed)
%3|1724399596.253|FAIL|rdkafka#consumer-1| [thrd:kafka-service:9092/bootstrap]: kafka-service:9092/bootstrap: Failed to resolve 'kafka-service:9092': Name or service not known (after 2ms in state CONNECT, 19 identical error(s) suppressed)
%3|1724399596.253|ERROR|rdkafka#consumer-1| [thrd:app]: rdkafka#consumer-1: kafka-service:9092/bootstrap: Failed to resolve 'kafka-service:9092': Name or service not known (after 2ms in state CONNECT, 19 identical error(s) suppressed)
%3|1724399613.294|FAIL|rdkafka#producer-2| [thrd:kafka-service:9092/bootstrap]: kafka-service:9092/bootstrap: Failed to resolve 'kafka-service:9092': Name or service not known (after 3ms in state CONNECT, 15 identical error(s) suppressed)
%3|1724399626.253|FAIL|rdkafka#consumer-1| [thrd:kafka-service:9092/bootstrap]: kafka-service:9092/bootstrap: Failed to resolve 'kafka-service:9092': Name or service not known (after 2ms in state CONNECT, 18 identical error(s) suppressed)
%3|1724399626.253|ERROR|rdkafka#consumer-1| [thrd:app]: rdkafka#consumer-1: kafka-service:9092/bootstrap: Failed to resolve 'kafka-service:9092': Name or service not known (after 2ms in state CONNECT, 18 identical error(s) suppressed)
%3|1724399643.295|FAIL|rdkafka#producer-2| [thrd:kafka-service:9092/bootstrap]: kafka-service:9092/bootstrap: Failed to resolve 'kafka-service:9092': Name or service not known (after 3ms in state CONNECT, 15 identical error(s) suppressed)
%3|1724399656.254|FAIL|rdkafka#consumer-1| [thrd:kafka-service:9092/bootstrap]: kafka-service:9092/bootstrap: Failed to resolve 'kafka-service:9092': Name or service not known (after 2ms in state CONNECT, 18 identical error(s) suppressed)
%3|1724399656.254|ERROR|rdkafka#consumer-1| [thrd:app]: rdkafka#consumer-1: kafka-service:9092/bootstrap: Failed to resolve 'kafka-service:9092': Name or service not known (after 2ms in state CONNECT, 18 identical error(s) suppressed)
%3|1724399673.295|FAIL|rdkafka#producer-2| [thrd:kafka-service:9092/bootstrap]: kafka-service:9092/bootstrap: Failed to resolve 'kafka-service:9092': Name or service not known (after 2ms in state CONNECT, 15 identical error(s) suppressed)
%3|1724399688.217|FAIL|rdkafka#consumer-1| [thrd:kafka-service:9092/bootstrap]: kafka-service:9092/bootstrap: Failed to resolve 'kafka-service:9092': Name or service not known (after 2ms in state CONNECT, 19 identical error(s) suppressed)
%3|1724399688.217|ERROR|rdkafka#consumer-1| [thrd:app]: rdkafka#consumer-1: kafka-service:9092/bootstrap: Failed to resolve 'kafka-service:9092': Name or service not known (after 2ms in state CONNECT, 19 identical error(s) suppressed)
%3|1724399703.295|FAIL|rdkafka#producer-2| [thrd:kafka-service:9092/bootstrap]: kafka-service:9092/bootstrap: Failed to resolve 'kafka-service:9092': Name or service not known (after 2ms in state CONNECT, 15 identical error(s) suppressed)
%3|1724399719.254|FAIL|rdkafka#consumer-1| [thrd:kafka-service:9092/bootstrap]: kafka-service:9092/bootstrap: Failed to resolve 'kafka-service:9092': Name or service not known (after 2ms in state CONNECT, 19 identical error(s) suppressed)
%3|1724399719.254|ERROR|rdkafka#consumer-1| [thrd:app]: rdkafka#consumer-1: kafka-service:9092/bootstrap: Failed to resolve 'kafka-service:9092': Name or service not known (after 2ms in state CONNECT, 19 identical error(s) suppressed)
%3|1724399733.297|FAIL|rdkafka#producer-2| [thrd:kafka-service:9092/bootstrap]: kafka-service:9092/bootstrap: Failed to resolve 'kafka-service:9092': Name or service not known (after 3ms in state CONNECT, 15 identical error(s) suppressed)
%3|1724399749.255|FAIL|rdkafka#consumer-1| [thrd:kafka-service:9092/bootstrap]: kafka-service:9092/bootstrap: Failed to resolve 'kafka-service:9092': Name or service not known (after 2ms in state CONNECT, 18 identical error(s) suppressed)
%3|1724399749.255|ERROR|rdkafka#consumer-1| [thrd:app]: rdkafka#consumer-1: kafka-service:9092/bootstrap: Failed to resolve 'kafka-service:9092': Name or service not known (after 2ms in state CONNECT, 18 identical error(s) suppressed)
%3|1724399765.297|FAIL|rdkafka#producer-2| [thrd:kafka-service:9092/bootstrap]: kafka-service:9092/bootstrap: Failed to resolve 'kafka-service:9092': Name or service not known (after 2ms in state CONNECT, 16 identical error(s) suppressed)
%3|1724399781.254|FAIL|rdkafka#consumer-1| [thrd:kafka-service:9092/bootstrap]: kafka-service:9092/bootstrap: Failed to resolve 'kafka-service:9092': Name or service not known (after 1ms in state CONNECT, 19 identical error(s) suppressed)
%3|1724399781.254|ERROR|rdkafka#consumer-1| [thrd:app]: rdkafka#consumer-1: kafka-service:9092/bootstrap: Failed to resolve 'kafka-service:9092': Name or service not known (after 1ms in state CONNECT, 19 identical error(s) suppressed)
%3|1724399795.297|FAIL|rdkafka#producer-2| [thrd:kafka-service:9092/bootstrap]: kafka-service:9092/bootstrap: Failed to resolve 'kafka-service:9092': Name or service not known (after 2ms in state CONNECT, 15 identical error(s) suppressed)
%3|1724399811.254|FAIL|rdkafka#consumer-1| [thrd:kafka-service:9092/bootstrap]: kafka-service:9092/bootstrap: Failed to resolve 'kafka-service:9092': Name or service not known (after 2ms in state CONNECT, 18 identical error(s) suppressed)
%3|1724399811.254|ERROR|rdkafka#consumer-1| [thrd:app]: rdkafka#consumer-1: kafka-service:9092/bootstrap: Failed to resolve 'kafka-service:9092': Name or service not known (after 2ms in state CONNECT, 18 identical error(s) suppressed)
%3|1724399825.299|FAIL|rdkafka#producer-2| [thrd:kafka-service:9092/bootstrap]: kafka-service:9092/bootstrap: Failed to resolve 'kafka-service:9092': Name or service not known (after 2ms in state CONNECT, 15 identical error(s) suppressed)
%3|1724399841.255|FAIL|rdkafka#consumer-1| [thrd:kafka-service:9092/bootstrap]: kafka-service:9092/bootstrap: Failed to resolve 'kafka-service:9092': Name or service not known (after 2ms in state CONNECT, 18 identical error(s) suppressed)
%3|1724399841.255|ERROR|rdkafka#consumer-1| [thrd:app]: rdkafka#consumer-1: kafka-service:9092/bootstrap: Failed to resolve 'kafka-service:9092': Name or service not known (after 2ms in state CONNECT, 18 identical error(s) suppressed)
%3|1724399855.299|FAIL|rdkafka#producer-2| [thrd:kafka-service:9092/bootstrap]: kafka-service:9092/bootstrap: Failed to resolve 'kafka-service:9092': Name or service not known (after 3ms in state CONNECT, 15 identical error(s) suppressed)
%3|1724399871.255|FAIL|rdkafka#consumer-1| [thrd:kafka-service:9092/bootstrap]: kafka-service:9092/bootstrap: Failed to resolve 'kafka-service:9092': Name or service not known (after 2ms in state CONNECT, 18 identical error(s) suppressed)
%3|1724399871.255|ERROR|rdkafka#consumer-1| [thrd:app]: rdkafka#consumer-1: kafka-service:9092/bootstrap: Failed to resolve 'kafka-service:9092': Name or service not known (after 2ms in state CONNECT, 18 identical error(s) suppressed)
%3|1724399886.318|FAIL|rdkafka#producer-2| [thrd:kafka-service:9092/bootstrap]: kafka-service:9092/bootstrap: Failed to resolve 'kafka-service:9092': Name or service not known (after 3ms in state CONNECT, 16 identical error(s) suppressed)
%3|1724399901.256|FAIL|rdkafka#consumer-1| [thrd:kafka-service:9092/bootstrap]: kafka-service:9092/bootstrap: Failed to resolve 'kafka-service:9092': Name or service not known (after 2ms in state CONNECT, 18 identical error(s) suppressed)
%3|1724399901.256|ERROR|rdkafka#consumer-1| [thrd:app]: rdkafka#consumer-1: kafka-service:9092/bootstrap: Failed to resolve 'kafka-service:9092': Name or service not known (after 2ms in state CONNECT, 18 identical error(s) suppressed)
%3|1724399918.318|FAIL|rdkafka#producer-2| [thrd:kafka-service:9092/bootstrap]: kafka-service:9092/bootstrap: Failed to resolve 'kafka-service:9092': Name or service not known (after 3ms in state CONNECT, 16 identical error(s) suppressed)
%3|1724399931.256|FAIL|rdkafka#consumer-1| [thrd:kafka-service:9092/bootstrap]: kafka-service:9092/bootstrap: Failed to resolve 'kafka-service:9092': Name or service not known (after 2ms in state CONNECT, 18 identical error(s) suppressed)
%3|1724399931.256|ERROR|rdkafka#consumer-1| [thrd:app]: rdkafka#consumer-1: kafka-service:9092/bootstrap: Failed to resolve 'kafka-service:9092': Name or service not known (after 2ms in state CONNECT, 18 identical error(s) suppressed)
%3|1724399948.318|FAIL|rdkafka#producer-2| [thrd:kafka-service:9092/bootstrap]: kafka-service:9092/bootstrap: Failed to resolve 'kafka-service:9092': Name or service not known (after 3ms in state CONNECT, 15 identical error(s) suppressed)
%3|1724399963.217|FAIL|rdkafka#consumer-1| [thrd:kafka-service:9092/bootstrap]: kafka-service:9092/bootstrap: Failed to resolve 'kafka-service:9092': Name or service not known (after 2ms in state CONNECT, 19 identical error(s) suppressed)
%3|1724399963.217|ERROR|rdkafka#consumer-1| [thrd:app]: rdkafka#consumer-1: kafka-service:9092/bootstrap: Failed to resolve 'kafka-service:9092': Name or service not known (after 2ms in state CONNECT, 19 identical error(s) suppressed)
%3|1724399978.318|FAIL|rdkafka#producer-2| [thrd:kafka-service:9092/bootstrap]: kafka-service:9092/bootstrap: Failed to resolve 'kafka-service:9092': Name or service not known (after 3ms in state CONNECT, 15 identical error(s) suppressed)
%3|1724399994.256|FAIL|rdkafka#consumer-1| [thrd:kafka-service:9092/bootstrap]: kafka-service:9092/bootstrap: Failed to resolve 'kafka-service:9092': Name or service not known (after 2ms in state CONNECT, 19 identical error(s) suppressed)
%3|1724399994.256|ERROR|rdkafka#consumer-1| [thrd:app]: rdkafka#consumer-1: kafka-service:9092/bootstrap: Failed to resolve 'kafka-service:9092': Name or service not known (after 2ms in state CONNECT, 19 identical error(s) suppressed)
%3|1724400008.321|FAIL|rdkafka#producer-2| [thrd:kafka-service:9092/bootstrap]: kafka-service:9092/bootstrap: Failed to resolve 'kafka-service:9092': Name or service not known (after 2ms in state CONNECT, 15 identical error(s) suppressed)
%3|1724400026.256|FAIL|rdkafka#consumer-1| [thrd:kafka-service:9092/bootstrap]: kafka-service:9092/bootstrap: Failed to resolve 'kafka-service:9092': Name or service not known (after 2ms in state CONNECT, 19 identical error(s) suppressed)
%3|1724400026.256|ERROR|rdkafka#consumer-1| [thrd:app]: rdkafka#consumer-1: kafka-service:9092/bootstrap: Failed to resolve 'kafka-service:9092': Name or service not known (after 2ms in state CONNECT, 19 identical error(s) suppressed)
%3|1724400039.322|FAIL|rdkafka#producer-2| [thrd:kafka-service:9092/bootstrap]: kafka-service:9092/bootstrap: Failed to resolve 'kafka-service:9092': Name or service not known (after 3ms in state CONNECT, 16 identical error(s) suppressed)
%3|1724400056.256|FAIL|rdkafka#consumer-1| [thrd:kafka-service:9092/bootstrap]: kafka-service:9092/bootstrap: Failed to resolve 'kafka-service:9092': Name or service not known (after 2ms in state CONNECT, 18 identical error(s) suppressed)
%3|1724400056.256|ERROR|rdkafka#consumer-1| [thrd:app]: rdkafka#consumer-1: kafka-service:9092/bootstrap: Failed to resolve 'kafka-service:9092': Name or service not known (after 2ms in state CONNECT, 18 identical error(s) suppressed)
%3|1724400069.322|FAIL|rdkafka#producer-2| [thrd:kafka-service:9092/bootstrap]: kafka-service:9092/bootstrap: Failed to resolve 'kafka-service:9092': Name or service not known (after 2ms in state CONNECT, 15 identical error(s) suppressed)
%3|1724400086.256|FAIL|rdkafka#consumer-1| [thrd:kafka-service:9092/bootstrap]: kafka-service:9092/bootstrap: Failed to resolve 'kafka-service:9092': Name or service not known (after 2ms in state CONNECT, 18 identical error(s) suppressed)
%3|1724400086.256|ERROR|rdkafka#consumer-1| [thrd:app]: rdkafka#consumer-1: kafka-service:9092/bootstrap: Failed to resolve 'kafka-service:9092': Name or service not known (after 2ms in state CONNECT, 18 identical error(s) suppressed)
%3|1724400099.322|FAIL|rdkafka#producer-2| [thrd:kafka-service:9092/bootstrap]: kafka-service:9092/bootstrap: Failed to resolve 'kafka-service:9092': Name or service not known (after 2ms in state CONNECT, 15 identical error(s) suppressed)
%3|1724400118.217|FAIL|rdkafka#consumer-1| [thrd:kafka-service:9092/bootstrap]: kafka-service:9092/bootstrap: Failed to resolve 'kafka-service:9092': Name or service not known (after 2ms in state CONNECT, 19 identical error(s) suppressed)
%3|1724400118.217|ERROR|rdkafka#consumer-1| [thrd:app]: rdkafka#consumer-1: kafka-service:9092/bootstrap: Failed to resolve 'kafka-service:9092': Name or service not known (after 2ms in state CONNECT, 19 identical error(s) suppressed)
%3|1724400129.324|FAIL|rdkafka#producer-2| [thrd:kafka-service:9092/bootstrap]: kafka-service:9092/bootstrap: Failed to resolve 'kafka-service:9092': Name or service not known (after 4ms in state CONNECT, 15 identical error(s) suppressed)
%3|1724400148.219|FAIL|rdkafka#consumer-1| [thrd:kafka-service:9092/bootstrap]: kafka-service:9092/bootstrap: Failed to resolve 'kafka-service:9092': Name or service not known (after 4ms in state CONNECT, 18 identical error(s) suppressed)
%3|1724400148.219|ERROR|rdkafka#consumer-1| [thrd:app]: rdkafka#consumer-1: kafka-service:9092/bootstrap: Failed to resolve 'kafka-service:9092': Name or service not known (after 4ms in state CONNECT, 18 identical error(s) suppressed)
%3|1724400161.325|FAIL|rdkafka#producer-2| [thrd:kafka-service:9092/bootstrap]: kafka-service:9092/bootstrap: Failed to resolve 'kafka-service:9092': Name or service not known (after 4ms in state CONNECT, 16 identical error(s) suppressed)
%3|1724400179.258|FAIL|rdkafka#consumer-1| [thrd:kafka-service:9092/bootstrap]: kafka-service:9092/bootstrap: Failed to resolve 'kafka-service:9092': Name or service not known (after 2ms in state CONNECT, 19 identical error(s) suppressed)
%3|1724400179.258|ERROR|rdkafka#consumer-1| [thrd:app]: rdkafka#consumer-1: kafka-service:9092/bootstrap: Failed to resolve 'kafka-service:9092': Name or service not known (after 2ms in state CONNECT, 19 identical error(s) suppressed)
%3|1724400193.324|FAIL|rdkafka#producer-2| [thrd:kafka-service:9092/bootstrap]: kafka-service:9092/bootstrap: Failed to resolve 'kafka-service:9092': Name or service not known (after 3ms in state CONNECT, 16 identical error(s) suppressed)
%3|1724400209.263|FAIL|rdkafka#consumer-1| [thrd:kafka-service:9092/bootstrap]: kafka-service:9092/bootstrap: Failed to resolve 'kafka-service:9092': Name or service not known (after 3ms in state CONNECT, 18 identical error(s) suppressed)
%3|1724400209.263|ERROR|rdkafka#consumer-1| [thrd:app]: rdkafka#consumer-1: kafka-service:9092/bootstrap: Failed to resolve 'kafka-service:9092': Name or service not known (after 3ms in state CONNECT, 18 identical error(s) suppressed)
%3|1724400223.326|FAIL|rdkafka#producer-2| [thrd:kafka-service:9092/bootstrap]: kafka-service:9092/bootstrap: Failed to resolve 'kafka-service:9092': Name or service not known (after 5ms in state CONNECT, 15 identical error(s) suppressed)
%3|1724400241.262|FAIL|rdkafka#consumer-1| [thrd:kafka-service:9092/bootstrap]: kafka-service:9092/bootstrap: Failed to resolve 'kafka-service:9092': Name or service not known (after 2ms in state CONNECT, 19 identical error(s) suppressed)
%3|1724400241.262|ERROR|rdkafka#consumer-1| [thrd:app]: rdkafka#consumer-1: kafka-service:9092/bootstrap: Failed to resolve 'kafka-service:9092': Name or service not known (after 2ms in state CONNECT, 19 identical error(s) suppressed)
%3|1724400255.324|FAIL|rdkafka#producer-2| [thrd:kafka-service:9092/bootstrap]: kafka-service:9092/bootstrap: Failed to resolve 'kafka-service:9092': Name or service not known (after 2ms in state CONNECT, 16 identical error(s) suppressed)
%3|1724400273.217|FAIL|rdkafka#consumer-1| [thrd:kafka-service:9092/bootstrap]: kafka-service:9092/bootstrap: Failed to resolve 'kafka-service:9092': Name or service not known (after 2ms in state CONNECT, 19 identical error(s) suppressed)
%3|1724400273.217|ERROR|rdkafka#consumer-1| [thrd:app]: rdkafka#consumer-1: kafka-service:9092/bootstrap: Failed to resolve 'kafka-service:9092': Name or service not known (after 2ms in state CONNECT, 19 identical error(s) suppressed)
%3|1724400285.325|FAIL|rdkafka#producer-2| [thrd:kafka-service:9092/bootstrap]: kafka-service:9092/bootstrap: Failed to resolve 'kafka-service:9092': Name or service not known (after 2ms in state CONNECT, 15 identical error(s) suppressed)
%3|1724400304.263|FAIL|rdkafka#consumer-1| [thrd:kafka-service:9092/bootstrap]: kafka-service:9092/bootstrap: Failed to resolve 'kafka-service:9092': Name or service not known (after 3ms in state CONNECT, 19 identical error(s) suppressed)
%3|1724400304.263|ERROR|rdkafka#consumer-1| [thrd:app]: rdkafka#consumer-1: kafka-service:9092/bootstrap: Failed to resolve 'kafka-service:9092': Name or service not known (after 3ms in state CONNECT, 19 identical error(s) suppressed)
%3|1724400315.325|FAIL|rdkafka#producer-2| [thrd:kafka-service:9092/bootstrap]: kafka-service:9092/bootstrap: Failed to resolve 'kafka-service:9092': Name or service not known (after 3ms in state CONNECT, 15 identical error(s) suppressed)
%3|1724400336.262|FAIL|rdkafka#consumer-1| [thrd:kafka-service:9092/bootstrap]: kafka-service:9092/bootstrap: Failed to resolve 'kafka-service:9092': Name or service not known (after 2ms in state CONNECT, 19 identical error(s) suppressed)
%3|1724400336.262|ERROR|rdkafka#consumer-1| [thrd:app]: rdkafka#consumer-1: kafka-service:9092/bootstrap: Failed to resolve 'kafka-service:9092': Name or service not known (after 2ms in state CONNECT, 19 identical error(s) suppressed)
%3|1724400345.327|FAIL|rdkafka#producer-2| [thrd:kafka-service:9092/bootstrap]: kafka-service:9092/bootstrap: Failed to resolve 'kafka-service:9092': Name or service not known (after 2ms in state CONNECT, 15 identical error(s) suppressed)
%3|1724400368.217|FAIL|rdkafka#consumer-1| [thrd:kafka-service:9092/bootstrap]: kafka-service:9092/bootstrap: Failed to resolve 'kafka-service:9092': Name or service not known (after 1ms in state CONNECT, 19 identical error(s) suppressed)
%3|1724400368.217|ERROR|rdkafka#consumer-1| [thrd:app]: rdkafka#consumer-1: kafka-service:9092/bootstrap: Failed to resolve 'kafka-service:9092': Name or service not known (after 1ms in state CONNECT, 19 identical error(s) suppressed)
%3|1724400375.329|FAIL|rdkafka#producer-2| [thrd:kafka-service:9092/bootstrap]: kafka-service:9092/bootstrap: Failed to resolve 'kafka-service:9092': Name or service not known (after 2ms in state CONNECT, 15 identical error(s) suppressed)
%3|1724400398.217|FAIL|rdkafka#consumer-1| [thrd:kafka-service:9092/bootstrap]: kafka-service:9092/bootstrap: Failed to resolve 'kafka-service:9092': Name or service not known (after 2ms in state CONNECT, 18 identical error(s) suppressed)
%3|1724400398.217|ERROR|rdkafka#consumer-1| [thrd:app]: rdkafka#consumer-1: kafka-service:9092/bootstrap: Failed to resolve 'kafka-service:9092': Name or service not known (after 2ms in state CONNECT, 18 identical error(s) suppressed)
%3|1724400405.330|FAIL|rdkafka#producer-2| [thrd:kafka-service:9092/bootstrap]: kafka-service:9092/bootstrap: Failed to resolve 'kafka-service:9092': Name or service not known (after 2ms in state CONNECT, 15 identical error(s) suppressed)
%3|1724400428.218|FAIL|rdkafka#consumer-1| [thrd:kafka-service:9092/bootstrap]: kafka-service:9092/bootstrap: Failed to resolve 'kafka-service:9092': Name or service not known (after 3ms in state CONNECT, 18 identical error(s) suppressed)
%3|1724400428.218|ERROR|rdkafka#consumer-1| [thrd:app]: rdkafka#consumer-1: kafka-service:9092/bootstrap: Failed to resolve 'kafka-service:9092': Name or service not known (after 3ms in state CONNECT, 18 identical error(s) suppressed)
%3|1724400437.331|FAIL|rdkafka#producer-2| [thrd:kafka-service:9092/bootstrap]: kafka-service:9092/bootstrap: Failed to resolve 'kafka-service:9092': Name or service not known (after 2ms in state CONNECT, 16 identical error(s) suppressed)
%3|1724400459.263|FAIL|rdkafka#consumer-1| [thrd:kafka-service:9092/bootstrap]: kafka-service:9092/bootstrap: Failed to resolve 'kafka-service:9092': Name or service not known (after 2ms in state CONNECT, 19 identical error(s) suppressed)
%3|1724400459.263|ERROR|rdkafka#consumer-1| [thrd:app]: rdkafka#consumer-1: kafka-service:9092/bootstrap: Failed to resolve 'kafka-service:9092': Name or service not known (after 2ms in state CONNECT, 19 identical error(s) suppressed)
%3|1724400467.331|FAIL|rdkafka#producer-2| [thrd:kafka-service:9092/bootstrap]: kafka-service:9092/bootstrap: Failed to resolve 'kafka-service:9092': Name or service not known (after 2ms in state CONNECT, 15 identical error(s) suppressed)
%3|1724400489.264|FAIL|rdkafka#consumer-1| [thrd:kafka-service:9092/bootstrap]: kafka-service:9092/bootstrap: Failed to resolve 'kafka-service:9092': Name or service not known (after 3ms in state CONNECT, 18 identical error(s) suppressed)
%3|1724400489.264|ERROR|rdkafka#consumer-1| [thrd:app]: rdkafka#consumer-1: kafka-service:9092/bootstrap: Failed to resolve 'kafka-service:9092': Name or service not known (after 3ms in state CONNECT, 18 identical error(s) suppressed)
%3|1724400499.331|FAIL|rdkafka#producer-2| [thrd:kafka-service:9092/bootstrap]: kafka-service:9092/bootstrap: Failed to resolve 'kafka-service:9092': Name or service not known (after 2ms in state CONNECT, 16 identical error(s) suppressed)
%3|1724400519.265|FAIL|rdkafka#consumer-1| [thrd:kafka-service:9092/bootstrap]: kafka-service:9092/bootstrap: Failed to resolve 'kafka-service:9092': Name or service not known (after 2ms in state CONNECT, 18 identical error(s) suppressed)
%3|1724400519.265|ERROR|rdkafka#consumer-1| [thrd:app]: rdkafka#consumer-1: kafka-service:9092/bootstrap: Failed to resolve 'kafka-service:9092': Name or service not known (after 2ms in state CONNECT, 18 identical error(s) suppressed)
%3|1724400529.331|FAIL|rdkafka#producer-2| [thrd:kafka-service:9092/bootstrap]: kafka-service:9092/bootstrap: Failed to resolve 'kafka-service:9092': Name or service not known (after 2ms in state CONNECT, 15 identical error(s) suppressed)
%3|1724400549.265|FAIL|rdkafka#consumer-1| [thrd:kafka-service:9092/bootstrap]: kafka-service:9092/bootstrap: Failed to resolve 'kafka-service:9092': Name or service not known (after 2ms in state CONNECT, 18 identical error(s) suppressed)
%3|1724400549.265|ERROR|rdkafka#consumer-1| [thrd:app]: rdkafka#consumer-1: kafka-service:9092/bootstrap: Failed to resolve 'kafka-service:9092': Name or service not known (after 2ms in state CONNECT, 18 identical error(s) suppressed)
%3|1724400559.332|FAIL|rdkafka#producer-2| [thrd:kafka-service:9092/bootstrap]: kafka-service:9092/bootstrap: Failed to resolve 'kafka-service:9092': Name or service not known (after 2ms in state CONNECT, 15 identical error(s) suppressed)
%3|1724400581.265|FAIL|rdkafka#consumer-1| [thrd:kafka-service:9092/bootstrap]: kafka-service:9092/bootstrap: Failed to resolve 'kafka-service:9092': Name or service not known (after 2ms in state CONNECT, 19 identical error(s) suppressed)
%3|1724400581.265|ERROR|rdkafka#consumer-1| [thrd:app]: rdkafka#consumer-1: kafka-service:9092/bootstrap: Failed to resolve 'kafka-service:9092': Name or service not known (after 2ms in state CONNECT, 19 identical error(s) suppressed)
%3|1724400589.333|FAIL|rdkafka#producer-2| [thrd:kafka-service:9092/bootstrap]: kafka-service:9092/bootstrap: Failed to resolve 'kafka-service:9092': Name or service not known (after 2ms in state CONNECT, 15 identical error(s) suppressed)
%3|1724400613.218|FAIL|rdkafka#consumer-1| [thrd:kafka-service:9092/bootstrap]: kafka-service:9092/bootstrap: Failed to resolve 'kafka-service:9092': Name or service not known (after 2ms in state CONNECT, 19 identical error(s) suppressed)
%3|1724400613.218|ERROR|rdkafka#consumer-1| [thrd:app]: rdkafka#consumer-1: kafka-service:9092/bootstrap: Failed to resolve 'kafka-service:9092': Name or service not known (after 2ms in state CONNECT, 19 identical error(s) suppressed)
%3|1724400619.333|FAIL|rdkafka#producer-2| [thrd:kafka-service:9092/bootstrap]: kafka-service:9092/bootstrap: Failed to resolve 'kafka-service:9092': Name or service not known (after 3ms in state CONNECT, 15 identical error(s) suppressed)
%3|1724400643.224|FAIL|rdkafka#consumer-1| [thrd:kafka-service:9092/bootstrap]: kafka-service:9092/bootstrap: Failed to resolve 'kafka-service:9092': Name or service not known (after 2ms in state CONNECT, 18 identical error(s) suppressed)
%3|1724400643.226|ERROR|rdkafka#consumer-1| [thrd:app]: rdkafka#consumer-1: kafka-service:9092/bootstrap: Failed to resolve 'kafka-service:9092': Name or service not known (after 2ms in state CONNECT, 18 identical error(s) suppressed)
%3|1724400650.338|FAIL|rdkafka#producer-2| [thrd:kafka-service:9092/bootstrap]: kafka-service:9092/bootstrap: Failed to resolve 'kafka-service:9092': Name or service not known (after 2ms in state CONNECT, 16 identical error(s) suppressed)
%3|1724400674.265|FAIL|rdkafka#consumer-1| [thrd:kafka-service:9092/bootstrap]: kafka-service:9092/bootstrap: Failed to resolve 'kafka-service:9092': Name or service not known (after 2ms in state CONNECT, 19 identical error(s) suppressed)
%3|1724400674.265|ERROR|rdkafka#consumer-1| [thrd:app]: rdkafka#consumer-1: kafka-service:9092/bootstrap: Failed to resolve 'kafka-service:9092': Name or service not known (after 2ms in state CONNECT, 19 identical error(s) suppressed)
%3|1724400680.339|FAIL|rdkafka#producer-2| [thrd:kafka-service:9092/bootstrap]: kafka-service:9092/bootstrap: Failed to resolve 'kafka-service:9092': Name or service not known (after 2ms in state CONNECT, 15 identical error(s) suppressed)
%3|1724400704.267|FAIL|rdkafka#consumer-1| [thrd:kafka-service:9092/bootstrap]: kafka-service:9092/bootstrap: Failed to resolve 'kafka-service:9092': Name or service not known (after 3ms in state CONNECT, 18 identical error(s) suppressed)
%3|1724400704.268|ERROR|rdkafka#consumer-1| [thrd:app]: rdkafka#consumer-1: kafka-service:9092/bootstrap: Failed to resolve 'kafka-service:9092': Name or service not known (after 3ms in state CONNECT, 18 identical error(s) suppressed)
%3|1724400710.340|FAIL|rdkafka#producer-2| [thrd:kafka-service:9092/bootstrap]: kafka-service:9092/bootstrap: Failed to resolve 'kafka-service:9092': Name or service not known (after 3ms in state CONNECT, 15 identical error(s) suppressed)
%3|1724400736.267|FAIL|rdkafka#consumer-1| [thrd:kafka-service:9092/bootstrap]: kafka-service:9092/bootstrap: Failed to resolve 'kafka-service:9092': Name or service not known (after 2ms in state CONNECT, 19 identical error(s) suppressed)
%3|1724400736.267|ERROR|rdkafka#consumer-1| [thrd:app]: rdkafka#consumer-1: kafka-service:9092/bootstrap: Failed to resolve 'kafka-service:9092': Name or service not known (after 2ms in state CONNECT, 19 identical error(s) suppressed)
%3|1724400742.340|FAIL|rdkafka#producer-2| [thrd:kafka-service:9092/bootstrap]: kafka-service:9092/bootstrap: Failed to resolve 'kafka-service:9092': Name or service not known (after 2ms in state CONNECT, 16 identical error(s) suppressed)
